2023-04-02 20:56:42.186022 - Initialized conversion of CBT010
2023-04-02 20:56:43.415238 - Received CBT.V504.FILE010.PDS from FILE010.XMI 
2023-04-02 20:56:43.418314 - Found $$$#DATE.txt (text/plain) in CBT.V504.FILE010.PDS, moved to PDS/$$$#DATE
2023-04-02 20:56:43.419705 - Found $$INDEX.txt (text/plain) in CBT.V504.FILE010.PDS, moved to PDS/$$INDEX
2023-04-02 20:56:43.421000 - Found $$NOTICE.txt (text/plain) in CBT.V504.FILE010.PDS, moved to PDS/$$NOTICE
2023-04-02 20:56:43.422159 - Found $$STORY.txt (text/plain) in CBT.V504.FILE010.PDS, moved to PDS/$$STORY
2023-04-02 20:56:43.423176 - Found @FILE010.txt (text/plain) in CBT.V504.FILE010.PDS, moved to PDS/@FILE010
2023-04-02 20:56:43.424395 - Found ASM.jcl (text/plain) in CBT.V504.FILE010.PDS, moved to PDS/ASM
2023-04-02 20:56:43.425370 - Found ASMBB.jcl (text/plain) in CBT.V504.FILE010.PDS, moved to PDS/ASMBB
2023-04-02 20:56:43.426315 - Found ASMDG.jcl (text/plain) in CBT.V504.FILE010.PDS, moved to PDS/ASMDG
2023-04-02 20:56:43.427233 - Found ASMDR.jcl (text/plain) in CBT.V504.FILE010.PDS, moved to PDS/ASMDR
2023-04-02 20:56:43.428455 - Found ASMG.jcl (text/plain) in CBT.V504.FILE010.PDS, moved to PDS/ASMG
2023-04-02 20:56:43.429450 - Found ASMGP.jcl (text/plain) in CBT.V504.FILE010.PDS, moved to PDS/ASMGP
2023-04-02 20:56:43.430385 - Found ASMIS.jcl (text/plain) in CBT.V504.FILE010.PDS, moved to PDS/ASMIS
2023-04-02 20:56:43.431424 - Found ASMLX1.jcl (text/plain) in CBT.V504.FILE010.PDS, moved to PDS/ASMLX1
2023-04-02 20:56:43.432472 - Found ASMN.jcl (text/plain) in CBT.V504.FILE010.PDS, moved to PDS/ASMN
2023-04-02 20:56:43.434215 - Found ASMSP.jcl (text/plain) in CBT.V504.FILE010.PDS, moved to PDS/ASMSP
2023-04-02 20:56:43.435638 - Found DCS.txt (text/plain) in CBT.V504.FILE010.PDS, moved to PDS/DCS
2023-04-02 20:56:43.437121 - Found DYNALC.txt (text/plain) in CBT.V504.FILE010.PDS, moved to PDS/DYNALC
2023-04-02 20:56:43.438419 - Found ESRPRMTE.txt (text/plain) in CBT.V504.FILE010.PDS, moved to PDS/ESRPRMTE
2023-04-02 20:56:43.439840 - Found ESRPRMTJ.txt (text/plain) in CBT.V504.FILE010.PDS, moved to PDS/ESRPRMTJ
2023-04-02 20:56:43.441138 - Found GLSPARSE.txt (text/plain) in CBT.V504.FILE010.PDS, moved to PDS/GLSPARSE
2023-04-02 20:56:43.442124 - Found ICFDSECT.txt (text/plain) in CBT.V504.FILE010.PDS, moved to PDS/ICFDSECT
2023-04-02 20:56:43.443127 - Found IM@.txt (text/plain) in CBT.V504.FILE010.PDS, moved to PDS/IM@
2023-04-02 20:56:43.444133 - Found IMCFDATA.txt (text/plain) in CBT.V504.FILE010.PDS, moved to PDS/IMCFDATA
2023-04-02 20:56:43.445125 - Found IMCFDOC.txt (text/plain) in CBT.V504.FILE010.PDS, moved to PDS/IMCFDOC
2023-04-02 20:56:43.446129 - Found IMCFLIST.txt (text/plain) in CBT.V504.FILE010.PDS, moved to PDS/IMCFLIST
2023-04-02 20:56:43.447283 - Found IMDATGAT.txt (text/plain) in CBT.V504.FILE010.PDS, moved to PDS/IMDATGAT
2023-04-02 20:56:43.448822 - Found IMDGPURG.txt (text/plain) in CBT.V504.FILE010.PDS, moved to PDS/IMDGPURG
2023-04-02 20:56:43.449841 - Found IMDSDATA.txt (text/plain) in CBT.V504.FILE010.PDS, moved to PDS/IMDSDATA
2023-04-02 20:56:43.451106 - Found IMDSPACE.txt (text/plain) in CBT.V504.FILE010.PDS, moved to PDS/IMDSPACE
2023-04-02 20:56:43.452131 - Found IMDSSTRD.txt (text/plain) in CBT.V504.FILE010.PDS, moved to PDS/IMDSSTRD
2023-04-02 20:56:43.453120 - Found IMGATCOM.txt (text/plain) in CBT.V504.FILE010.PDS, moved to PDS/IMGATCOM
2023-04-02 20:56:43.454131 - Found IMGATDAT.txt (text/plain) in CBT.V504.FILE010.PDS, moved to PDS/IMGATDAT
2023-04-02 20:56:43.455164 - Found IMGATGET.txt (text/plain) in CBT.V504.FILE010.PDS, moved to PDS/IMGATGET
2023-04-02 20:56:43.456210 - Found IMLLAIX1.txt (text/plain) in CBT.V504.FILE010.PDS, moved to PDS/IMLLAIX1
2023-04-02 20:56:43.457205 - Found IMLLAREA.txt (text/plain) in CBT.V504.FILE010.PDS, moved to PDS/IMLLAREA
2023-04-02 20:56:43.458131 - Found IMON.txt (text/plain) in CBT.V504.FILE010.PDS, moved to PDS/IMON
2023-04-02 20:56:43.534954 - Found IMONCNTL.xmi (application/xmit) in CBT.V504.FILE010.PDS
2023-04-02 20:56:43.549316   - Received to CBT010/IMONZ.CNTL
2023-04-02 20:56:43.550387 - Found IMONJOB.jcl (text/plain) in CBT.V504.FILE010.PDS, moved to PDS/IMONJOB
2023-04-02 20:56:43.551669 - Found IMONTEXT.txt (text/plain) in CBT.V504.FILE010.PDS, moved to PDS/IMONTEXT
2023-04-02 20:56:43.552813 - Found IMPCM$.txt (text/plain) in CBT.V504.FILE010.PDS, moved to PDS/IMPCM$
2023-04-02 20:56:43.554191 - Found IMPCME.txt (text/plain) in CBT.V504.FILE010.PDS, moved to PDS/IMPCME
2023-04-02 20:56:43.555428 - Found IMPCMGG.txt (text/plain) in CBT.V504.FILE010.PDS, moved to PDS/IMPCMGG
2023-04-02 20:56:43.556788 - Found IMPCMK.txt (text/plain) in CBT.V504.FILE010.PDS, moved to PDS/IMPCMK
2023-04-02 20:56:43.558321 - Found IMPCMT.txt (text/plain) in CBT.V504.FILE010.PDS, moved to PDS/IMPCMT
2023-04-02 20:56:43.560363 - Found IMPCMW.txt (text/plain) in CBT.V504.FILE010.PDS, moved to PDS/IMPCMW
2023-04-02 20:56:43.561808 - Found IMPCM1.txt (text/plain) in CBT.V504.FILE010.PDS, moved to PDS/IMPCM1
2023-04-02 20:56:43.563219 - Found IMPCM2.txt (text/plain) in CBT.V504.FILE010.PDS, moved to PDS/IMPCM2
2023-04-02 20:56:43.564445 - Found IMPCM3.txt (text/plain) in CBT.V504.FILE010.PDS, moved to PDS/IMPCM3
2023-04-02 20:56:43.565860 - Found IMPCM4.txt (text/plain) in CBT.V504.FILE010.PDS, moved to PDS/IMPCM4
2023-04-02 20:56:43.567241 - Found IMPGAT.txt (text/plain) in CBT.V504.FILE010.PDS, moved to PDS/IMPGAT
2023-04-02 20:56:43.568458 - Found IMPSPACE.txt (text/plain) in CBT.V504.FILE010.PDS, moved to PDS/IMPSPACE
2023-04-02 20:56:43.569917 - Found IMPXA.txt (text/plain) in CBT.V504.FILE010.PDS, moved to PDS/IMPXA
2023-04-02 20:56:43.571276 - Found IMPXA@.txt (text/plain) in CBT.V504.FILE010.PDS, moved to PDS/IMPXA@
2023-04-02 20:56:43.572592 - Found IMPXAA.txt (text/plain) in CBT.V504.FILE010.PDS, moved to PDS/IMPXAA
2023-04-02 20:56:43.573927 - Found IMPXAB.txt (text/plain) in CBT.V504.FILE010.PDS, moved to PDS/IMPXAB
2023-04-02 20:56:43.575260 - Found IMPXAC.txt (text/plain) in CBT.V504.FILE010.PDS, moved to PDS/IMPXAC
2023-04-02 20:56:43.576593 - Found IMPXAD.txt (text/plain) in CBT.V504.FILE010.PDS, moved to PDS/IMPXAD
2023-04-02 20:56:43.577847 - Found IMPXAF.txt (text/plain) in CBT.V504.FILE010.PDS, moved to PDS/IMPXAF
2023-04-02 20:56:43.579260 - Found IMPXAG.txt (text/plain) in CBT.V504.FILE010.PDS, moved to PDS/IMPXAG
2023-04-02 20:56:43.579274 - Found IMPXAGLS.bin containing application/octet-stream, moved to PDS/IMPXAGLS
2023-04-02 20:56:43.582019 - Found IMPXAJ.txt (text/plain) in CBT.V504.FILE010.PDS, moved to PDS/IMPXAJ
2023-04-02 20:56:43.583109 - Found IMPXAL.txt (text/plain) in CBT.V504.FILE010.PDS, moved to PDS/IMPXAL
2023-04-02 20:56:43.584668 - Found IMPXAM.txt (text/plain) in CBT.V504.FILE010.PDS, moved to PDS/IMPXAM
2023-04-02 20:56:43.585834 - Found IMPXAN.txt (text/plain) in CBT.V504.FILE010.PDS, moved to PDS/IMPXAN
2023-04-02 20:56:43.586961 - Found IMPXAO.txt (text/plain) in CBT.V504.FILE010.PDS, moved to PDS/IMPXAO
2023-04-02 20:56:43.588612 - Found IMPXAP.txt (text/plain) in CBT.V504.FILE010.PDS, moved to PDS/IMPXAP
2023-04-02 20:56:43.589945 - Found IMPXAR.txt (text/plain) in CBT.V504.FILE010.PDS, moved to PDS/IMPXAR
2023-04-02 20:56:43.591128 - Found IMPXAS.txt (text/plain) in CBT.V504.FILE010.PDS, moved to PDS/IMPXAS
2023-04-02 20:56:43.592306 - Found IMPXASPY.txt (text/plain) in CBT.V504.FILE010.PDS, moved to PDS/IMPXASPY
2023-04-02 20:56:43.593797 - Found IMPXAT.txt (text/plain) in CBT.V504.FILE010.PDS, moved to PDS/IMPXAT
2023-04-02 20:56:43.595523 - Found IMPXAU.txt (text/plain) in CBT.V504.FILE010.PDS, moved to PDS/IMPXAU
2023-04-02 20:56:43.596903 - Found IMPXAV.txt (text/plain) in CBT.V504.FILE010.PDS, moved to PDS/IMPXAV
2023-04-02 20:56:43.598386 - Found IMSPACEO.txt (text/plain) in CBT.V504.FILE010.PDS, moved to PDS/IMSPACEO
2023-04-02 20:56:43.600510 - Found IMSPACER.txt (text/plain) in CBT.V504.FILE010.PDS, moved to PDS/IMSPACER
2023-04-02 20:56:43.601757 - Found IMSPDSST.txt (text/plain) in CBT.V504.FILE010.PDS, moved to PDS/IMSPDSST
2023-04-02 20:56:43.602942 - Found IMSWAP.txt (text/plain) in CBT.V504.FILE010.PDS, moved to PDS/IMSWAP
2023-04-02 20:56:43.604162 - Found IMSWPTXT.txt (text/plain) in CBT.V504.FILE010.PDS, moved to PDS/IMSWPTXT
2023-04-02 20:56:43.605226 - Found IMVTOCRD.txt (text/plain) in CBT.V504.FILE010.PDS, moved to PDS/IMVTOCRD
2023-04-02 20:56:43.606305 - Found IMXACUST.jcl (text/plain) in CBT.V504.FILE010.PDS, moved to PDS/IMXACUST
2023-04-02 20:56:43.607431 - Found IMXCDATA.txt (text/plain) in CBT.V504.FILE010.PDS, moved to PDS/IMXCDATA
2023-04-02 20:56:43.608645 - Found IMXCF.txt (text/plain) in CBT.V504.FILE010.PDS, moved to PDS/IMXCF
2023-04-02 20:56:43.609638 - Found IMXCFDOC.txt (text/plain) in CBT.V504.FILE010.PDS, moved to PDS/IMXCFDOC
2023-04-02 20:56:43.610597 - Found JPRFXMSG.txt (text/plain) in CBT.V504.FILE010.PDS, moved to PDS/JPRFXMSG
2023-04-02 20:56:43.670120 - Found LOADLIB.xmi (application/xmit) in CBT.V504.FILE010.PDS
2023-04-02 20:56:43.684076   - Received RECFM=U data, stored XMIT file as CBT010/LOADLIB.xmi
2023-04-02 20:56:43.685279 - Found PDLFRECS.txt (text/plain) in CBT.V504.FILE010.PDS, moved to PDS/PDLFRECS
2023-04-02 20:56:43.686217 - Found SPACE$.jcl (text/plain) in CBT.V504.FILE010.PDS, moved to PDS/SPACE$
